107.12.10 13:14 B C:\CFusionMX7\wwwroot\pspweb\NBA\NBARecord.cfm --> Pointspreadpros.com /56945/html NBARecord.cfm
107.12.10 13:14 B C:\CFusionMX7\wwwroot\pspweb\NBA\nbapicks.cfm --> Pointspreadpros.com /56945/html nbapicks.cfm
107.12.10 15:46 B C:\CFusionMX7\wwwroot\pspweb\NBA\nbapicks.cfm --> Pointspreadpros.com /56945/html nbapicks.cfm
107.12.11 13:07 B C:\CFusionMX7\wwwroot\pspweb\NBA\nbapicks.cfm --> Pointspreadpros.com /56945/html nbapicks.cfm
107.12.11 13:07 B C:\CFusionMX7\wwwroot\pspweb\NBA\NBARecord.cfm --> Pointspreadpros.com /56945/html NBARecord.cfm
107.12.11 23:09 B C:\CFusionMX7\wwwroot\pspweb\NBA\nbapicks.cfm --> Pointspreadpros.com /56945/html nbapicks.cfm
107.12.11 23:09 B C:\CFusionMX7\wwwroot\pspweb\NBA\NBARecord.cfm --> Pointspreadpros.com /56945/html NBARecord.cfm
107.12.12 14:17 B C:\CFusionMX7\wwwroot\pspweb\NBA\nbapicks.cfm --> Pointspreadpros.com /56945/html nbapicks.cfm
107.12.13 12:11 B C:\CFusionMX7\wwwroot\pspweb\NBA\nbapicks.cfm --> Pointspreadpros.com /56945/html nbapicks.cfm
107.12.13 12:11 B C:\CFusionMX7\wwwroot\pspweb\NBA\NBARecord.cfm --> Pointspreadpros.com /56945/html NBARecord.cfm
107.12.13 14:38 B C:\CFusionMX7\wwwroot\pspweb\NBA\nbapicks.cfm --> Pointspreadpros.com /56945/html nbapicks.cfm
107.12.13 22:42 B C:\CFusionMX7\wwwroot\pspweb\NBA\NBARecord.cfm --> Pointspreadpros.com /56945/html NBARecord.cfm
107.12.13 22:42 B C:\CFusionMX7\wwwroot\pspweb\NBA\nbapicks.cfm --> Pointspreadpros.com /56945/html nbapicks.cfm
107.12.13 22:50 B C:\CFusionMX7\wwwroot\pspweb\NBA\NBARecord.cfm --> Pointspreadpros.com /56945/html NBARecord.cfm
107.12.13 22:50 B C:\CFusionMX7\wwwroot\pspweb\NBA\nbapicks.cfm --> Pointspreadpros.com /56945/html nbapicks.cfm
107.12.14 12:55 B C:\CFusionMX7\wwwroot\pspweb\NBA\nbapicks.cfm --> Pointspreadpros.com /56945/html nbapicks.cfm
107.12.14 23:25 B C:\CFusionMX7\wwwroot\pspweb\NBA\nbapicks.cfm --> Pointspreadpros.com /56945/html nbapicks.cfm
107.12.14 23:25 B C:\CFusionMX7\wwwroot\pspweb\NBA\NBARecord.cfm --> Pointspreadpros.com /56945/html NBARecord.cfm
107.12.15 16:22 B C:\CFusionMX7\wwwroot\pspweb\NBA\nbapicks.cfm --> Pointspreadpros.com /56945/html nbapicks.cfm
107.12.16 12:01 B C:\CFusionMX7\wwwroot\pspweb\NBA\nbapicks.cfm --> Pointspreadpros.com /56945/html nbapicks.cfm
107.12.16 12:01 B C:\CFusionMX7\wwwroot\pspweb\NBA\NBARecord.cfm --> Pointspreadpros.com /56945/html NBARecord.cfm
107.12.17 08:50 B C:\CFusionMX7\wwwroot\pspweb\NBA\NBARecord.cfm --> Pointspreadpros.com /56945/html NBARecord.cfm
107.12.17 08:50 B C:\CFusionMX7\wwwroot\pspweb\NBA\nbapicks.cfm --> Pointspreadpros.com /56945/html nbapicks.cfm
107.12.17 12:41 B C:\CFusionMX7\wwwroot\pspweb\NBA\nbapicks.cfm --> Pointspreadpros.com /56945/html nbapicks.cfm
107.12.18 09:52 B C:\CFusionMX7\wwwroot\pspweb\NBA\NBARecord.cfm --> Pointspreadpros.com /56945/html NBARecord.cfm
107.12.18 09:53 B C:\CFusionMX7\wwwroot\pspweb\NBA\nbapicks.cfm --> Pointspreadpros.com /56945/html nbapicks.cfm
107.12.18 10:05 B C:\CFusionMX7\wwwroot\pspweb\NBA\NBARecord.cfm --> Pointspreadpros.com /56945/html NBARecord.cfm
107.12.18 12:44 B C:\CFusionMX7\wwwroot\pspweb\NBA\nbapicks.cfm --> Pointspreadpros.com /56945/html nbapicks.cfm
107.12.19 12:48 B C:\CFusionMX7\wwwroot\pspweb\NBA\NBARecord.cfm --> Pointspreadpros.com /56945/html NBARecord.cfm
107.12.19 12:48 B C:\CFusionMX7\wwwroot\pspweb\NBA\nbapicks.cfm --> Pointspreadpros.com /56945/html nbapicks.cfm
107.12.19 12:51 B C:\CFusionMX7\wwwroot\pspweb\NBA\NBARecord.cfm --> Pointspreadpros.com /56945/html NBARecord.cfm
107.12.19 12:51 B C:\CFusionMX7\wwwroot\pspweb\NBA\nbapicks.cfm --> Pointspreadpros.com /56945/html nbapicks.cfm
107.12.19 12:51 B C:\CFusionMX7\wwwroot\pspweb\NBA\NBARecord.cfm --> Pointspreadpros.com /56945/html NBARecord.cfm
107.12.19 12:51 B C:\CFusionMX7\wwwroot\pspweb\NBA\nbapicks.cfm --> Pointspreadpros.com /56945/html nbapicks.cfm
107.12.19 12:52 B C:\CFusionMX7\wwwroot\pspweb\NBA\NBARecord.cfm --> Pointspreadpros.com /56945/html NBARecord.cfm
107.12.19 12:52 B C:\CFusionMX7\wwwroot\pspweb\NBA\nbapicks.cfm --> Pointspreadpros.com /56945/html nbapicks.cfm
107.12.19 23:25 B C:\CFusionMX7\wwwroot\pspweb\NBA\nbapicks.cfm --> Pointspreadpros.com /56945/html nbapicks.cfm
107.12.19 23:25 B C:\CFusionMX7\wwwroot\pspweb\NBA\GameSimUltimateTest.cfm --> Pointspreadpros.com /56945/html GameSimUltimateTest.cfm
107.12.20 00:18 B C:\CFusionMX7\wwwroot\pspweb\NBA\nbapicks.cfm --> Pointspreadpros.com /56945/html nbapicks.cfm
107.12.20 00:20 B C:\CFusionMX7\wwwroot\pspweb\NBA\NBARecord.cfm --> Pointspreadpros.com /56945/html NBARecord.cfm
107.12.20 12:16 B C:\CFusionMX7\wwwroot\pspweb\NBA\nbapicks.cfm --> Pointspreadpros.com /56945/html nbapicks.cfm
107.12.20 12:17 B C:\CFusionMX7\wwwroot\pspweb\NBA\nbapicks.cfm --> Pointspreadpros.com /56945/html nbapicks.cfm
107.12.20 23:19 B C:\CFusionMX7\wwwroot\pspweb\NBA\NBARecord.cfm --> Pointspreadpros.com /56945/html NBARecord.cfm
107.12.20 23:19 B C:\CFusionMX7\wwwroot\pspweb\NBA\nbapicks.cfm --> Pointspreadpros.com /56945/html nbapicks.cfm
107.12.21 13:40 B C:\CFusionMX7\wwwroot\pspweb\NBA\nbapicks.cfm --> Pointspreadpros.com /56945/html nbapicks.cfm
107.12.21 13:40 B C:\CFusionMX7\wwwroot\pspweb\NBA\GameSimUltimateTest2007.cfm --> Pointspreadpros.com /56945/html GameSimUltimateTest2007.cfm
107.12.21 13:40 B C:\CFusionMX7\wwwroot\pspweb\NBA\CreateAvgsHAPow.cfm --> Pointspreadpros.com /56945/html CreateAvgsHAPow.cfm
107.12.21 13:40 B C:\CFusionMX7\wwwroot\pspweb\NBA\CreateAvgsHomeAway.cfm --> Pointspreadpros.com /56945/html CreateAvgsHomeAway.cfm
107.12.21 13:40 B C:\CFusionMX7\wwwroot\pspweb\NBA\CreateAvgs.cfm --> Pointspreadpros.com /56945/html CreateAvgs.cfm
107.12.21 13:40 B C:\CFusionMX7\wwwroot\pspweb\NBA\LoadGamesFromWeb2.cfm --> Pointspreadpros.com /56945/html LoadGamesFromWeb2.cfm
107.12.21 13:40 B C:\CFusionMX7\wwwroot\pspweb\NBA\LoadBoxscoreDataNBA.cfm --> Pointspreadpros.com /56945/html LoadBoxscoreDataNBA.cfm
107.12.21 13:40 B C:\CFusionMX7\wwwroot\pspweb\NBA\LoadGamesFromWeb.cfm --> Pointspreadpros.com /56945/html LoadGamesFromWeb.cfm
107.12.21 13:40 B C:\CFusionMX7\wwwroot\pspweb\NBA\NBADriver.cfm --> Pointspreadpros.com /56945/html NBADriver.cfm
107.12.21 13:42 B C:\CFusionMX7\wwwroot\pspweb\NBA\nbapicks.cfm --> Pointspreadpros.com /56945/html nbapicks.cfm
107.12.22 15:31 B C:\CFusionMX7\wwwroot\pspweb\NBA\NBARecord.cfm --> Pointspreadpros.com /56945/html NBARecord.cfm
107.12.22 15:32 B C:\CFusionMX7\wwwroot\pspweb\NBA\nbapicks.cfm --> Pointspreadpros.com /56945/html nbapicks.cfm
107.12.22 23:15 B C:\CFusionMX7\wwwroot\pspweb\NBA\Transactions.mdb <-- Pointspreadpros /56945/database Transactions.mdb
107.12.23 10:09 B C:\CFusionMX7\wwwroot\pspweb\NBA\nbapicks.cfm --> Pointspreadpros.com /56945/html nbapicks.cfm
107.12.23 10:14 B C:\CFusionMX7\wwwroot\pspweb\NBA\nbapicks.cfm --> Pointspreadpros.com /56945/html nbapicks.cfm
107.12.23 13:24 B C:\CFusionMX7\wwwroot\pspweb\NBA\nbapicks.cfm --> Pointspreadpros.com /56945/html nbapicks.cfm
107.12.23 22:21 B C:\CFusionMX7\wwwroot\pspweb\NBA\nbapicks.cfm --> Pointspreadpros.com /56945/html nbapicks.cfm
107.12.23 22:21 B C:\CFusionMX7\wwwroot\pspweb\NBA\NBARecord.cfm --> Pointspreadpros.com /56945/html NBARecord.cfm
107.12.24 12:00 B C:\CFusionMX7\wwwroot\pspweb\NBA\Transactions.mdb --> Pointspreadpros.com /56945/database Transactions.mdb
107.12.24 12:01 B C:\CFusionMX7\wwwroot\pspweb\NBA\OrderedNBAMembership.cfm --> Pointspreadpros.com /56945/html OrderedNBAMembership.cfm
107.12.24 12:01 B C:\CFusionMX7\wwwroot\pspweb\NBA\NBAPicksWithLogin.cfm --> Pointspreadpros.com /56945/html NBAPicksWithLogin.cfm
107.12.24 12:01 B C:\CFusionMX7\wwwroot\pspweb\NBA\NBAPicks.html --> Pointspreadpros.com /56945/html NBAPicks.html
107.12.24 15:03 B C:\CFusionMX7\wwwroot\pspweb\NBA\nbapicksyesterday.cfm --> Pointspreadpros.com /56945/html/NBA nbapicksyesterday.cfm
107.12.24 15:03 B C:\CFusionMX7\wwwroot\pspweb\NBA\PicksReport.cfm --> Pointspreadpros.com /56945/html/NBA PicksReport.cfm
107.12.24 15:03 B C:\CFusionMX7\wwwroot\pspweb\NBA\NBA.mdb --> Pointspreadpros.com /56945/html/NBA NBA.mdb
107.12.24 15:03 B C:\CFusionMX7\wwwroot\pspweb\NBA\NBA.ldb --> Pointspreadpros.com /56945/html/NBA NBA.ldb
107.12.24 15:03 B C:\CFusionMX7\wwwroot\pspweb\NBA\NBAFreePicksPage.cfm --> Pointspreadpros.com /56945/html/NBA NBAFreePicksPage.cfm
107.12.24 15:03 B C:\CFusionMX7\wwwroot\pspweb\NBA\NBASignup.cfm --> Pointspreadpros.com /56945/html/NBA NBASignup.cfm
107.12.24 15:03 B C:\CFusionMX7\wwwroot\pspweb\NBA\NBAPicksFree.cfm --> Pointspreadpros.com /56945/html/NBA NBAPicksFree.cfm
107.12.24 15:03 B C:\CFusionMX7\wwwroot\pspweb\NBA\nbapicks.cfm --> Pointspreadpros.com /56945/html/NBA nbapicks.cfm
107.12.24 15:03 B C:\CFusionMX7\wwwroot\pspweb\NBA\NBAPicksWithLogin.cfm --> Pointspreadpros.com /56945/html/NBA NBAPicksWithLogin.cfm
107.12.24 15:03 B C:\CFusionMX7\wwwroot\pspweb\NBA\NBAPicks.html --> Pointspreadpros.com /56945/html/NBA NBAPicks.html
107.12.24 15:03 B C:\CFusionMX7\wwwroot\pspweb\NBA\Login.cfm --> Pointspreadpros.com /56945/html/NBA Login.cfm
107.12.24 15:04 B C:\CFusionMX7\wwwroot\pspweb\NBA\Transactions.ldb --> Pointspreadpros.com /56945/html/NBA Transactions.ldb
107.12.24 15:04 B C:\CFusionMX7\wwwroot\pspweb\NBA\WS_FTP.LOG --> Pointspreadpros.com /56945/html/NBA WS_FTP.LOG
107.12.24 15:04 B C:\CFusionMX7\wwwroot\pspweb\NBA\Transactions.mdb --> Pointspreadpros.com /56945/html/NBA Transactions.mdb
107.12.24 15:04 B C:\CFusionMX7\wwwroot\pspweb\NBA\OrderedNBAMembership.cfm --> Pointspreadpros.com /56945/html/NBA OrderedNBAMembership.cfm
107.12.24 15:04 B C:\CFusionMX7\wwwroot\pspweb\NBA\NBARecord.cfm --> Pointspreadpros.com /56945/html/NBA NBARecord.cfm
107.12.24 15:04 B C:\CFusionMX7\wwwroot\pspweb\NBA\GameSimUltimateTest2007.cfm --> Pointspreadpros.com /56945/html/NBA GameSimUltimateTest2007.cfm
107.12.24 15:04 B C:\CFusionMX7\wwwroot\pspweb\NBA\NBASYS.cfm --> Pointspreadpros.com /56945/html/NBA NBASYS.cfm
107.12.24 15:04 B C:\CFusionMX7\wwwroot\pspweb\NBA\GameSimUltimateTest.cfm --> Pointspreadpros.com /56945/html/NBA GameSimUltimateTest.cfm
107.12.24 15:04 B C:\CFusionMX7\wwwroot\pspweb\NBA\CreateAvgsHAPow.cfm --> Pointspreadpros.com /56945/html/NBA CreateAvgsHAPow.cfm
107.12.24 15:04 B C:\CFusionMX7\wwwroot\pspweb\NBA\CreateAvgsHomeAway.cfm --> Pointspreadpros.com /56945/html/NBA CreateAvgsHomeAway.cfm
107.12.24 15:04 B C:\CFusionMX7\wwwroot\pspweb\NBA\CreateAvgs.cfm --> Pointspreadpros.com /56945/html/NBA CreateAvgs.cfm
107.12.24 15:04 B C:\CFusionMX7\wwwroot\pspweb\NBA\LoadGamesFromWeb2.cfm --> Pointspreadpros.com /56945/html/NBA LoadGamesFromWeb2.cfm
107.12.24 15:04 B C:\CFusionMX7\wwwroot\pspweb\NBA\LoadBoxscoreDataNBA.cfm --> Pointspreadpros.com /56945/html/NBA LoadBoxscoreDataNBA.cfm
107.12.24 15:04 B C:\CFusionMX7\wwwroot\pspweb\NBA\LoadGamesFromWeb.cfm --> Pointspreadpros.com /56945/html/NBA LoadGamesFromWeb.cfm
107.12.24 15:04 B C:\CFusionMX7\wwwroot\pspweb\NBA\NBADriver.cfm --> Pointspreadpros.com /56945/html/NBA NBADriver.cfm
107.12.24 15:04 B C:\CFusionMX7\wwwroot\pspweb\NBA\nba1130.txt --> Pointspreadpros.com /56945/html/NBA nba1130.txt
107.12.24 15:04 B C:\CFusionMX7\wwwroot\pspweb\NBA\nba1129.txt --> Pointspreadpros.com /56945/html/NBA nba1129.txt
107.12.24 15:04 B C:\CFusionMX7\wwwroot\pspweb\NBA\nba1128.txt --> Pointspreadpros.com /56945/html/NBA nba1128.txt
107.12.24 15:04 B C:\CFusionMX7\wwwroot\pspweb\NBA\nba1127.txt --> Pointspreadpros.com /56945/html/NBA nba1127.txt
107.12.24 15:04 B C:\CFusionMX7\wwwroot\pspweb\NBA\nba1126.txt --> Pointspreadpros.com /56945/html/NBA nba1126.txt
107.12.24 15:05 B C:\CFusionMX7\wwwroot\pspweb\NBA\nba1125.txt --> Pointspreadpros.com /56945/html/NBA nba1125.txt
107.12.24 15:05 B C:\CFusionMX7\wwwroot\pspweb\NBA\nba1124.txt --> Pointspreadpros.com /56945/html/NBA nba1124.txt
107.12.24 15:05 B C:\CFusionMX7\wwwroot\pspweb\NBA\nba1123.txt --> Pointspreadpros.com /56945/html/NBA nba1123.txt
107.12.24 15:05 B C:\CFusionMX7\wwwroot\pspweb\NBA\Spreads.xls --> Pointspreadpros.com /56945/html/NBA Spreads.xls
107.12.24 15:05 B C:\CFusionMX7\wwwroot\pspweb\NBA\nba_jim.xls --> Pointspreadpros.com /56945/html/NBA nba_jim.xls
107.12.24 15:05 B C:\CFusionMX7\wwwroot\pspweb\NBA\lines1112.txt --> Pointspreadpros.com /56945/html/NBA lines1112.txt
107.12.24 15:05 B C:\CFusionMX7\wwwroot\pspweb\NBA\lines1110.txt --> Pointspreadpros.com /56945/html/NBA lines1110.txt
107.12.24 15:05 B C:\CFusionMX7\wwwroot\pspweb\NBA\lines.txt --> Pointspreadpros.com /56945/html/NBA lines.txt
107.12.24 15:05 B C:\CFusionMX7\wwwroot\pspweb\NBA\ShowRecord.cfm --> Pointspreadpros.com /56945/html/NBA ShowRecord.cfm
107.12.24 15:05 B C:\CFusionMX7\wwwroot\pspweb\NBA\WhoCovered.cfm --> Pointspreadpros.com /56945/html/NBA WhoCovered.cfm
107.12.24 15:05 B C:\CFusionMX7\wwwroot\pspweb\NBA\GAPDriver.cfm --> Pointspreadpros.com /56945/html/NBA GAPDriver.cfm
107.12.24 15:05 B C:\CFusionMX7\wwwroot\pspweb\NBA\GAPFGPct.cfm --> Pointspreadpros.com /56945/html/NBA GAPFGPct.cfm
107.12.24 15:05 B C:\CFusionMX7\wwwroot\pspweb\NBA\GAPRebounding.cfm --> Pointspreadpros.com /56945/html/NBA GAPRebounding.cfm
107.12.24 15:05 B C:\CFusionMX7\wwwroot\pspweb\NBA\GAPScoring.cfm --> Pointspreadpros.com /56945/html/NBA GAPScoring.cfm
107.12.24 15:05 B C:\CFusionMX7\wwwroot\pspweb\NBA\GAPFTAtt.cfm --> Pointspreadpros.com /56945/html/NBA GAPFTAtt.cfm
107.12.24 15:05 B C:\CFusionMX7\wwwroot\pspweb\NBA\FigureOutPicks.cfm --> Pointspreadpros.com /56945/html/NBA FigureOutPicks.cfm
107.12.24 15:05 B C:\CFusionMX7\wwwroot\pspweb\NBA\GameSimUltimateHomeAway.cfm --> Pointspreadpros.com /56945/html/NBA GameSimUltimateHomeAway.cfm
107.12.24 15:05 B C:\CFusionMX7\wwwroot\pspweb\NBA\gap.cfm --> Pointspreadpros.com /56945/html/NBA gap.cfm
107.12.24 15:05 B C:\CFusionMX7\wwwroot\pspweb\NBA\Profile.cfm --> Pointspreadpros.com /56945/html/NBA Profile.cfm
107.12.24 15:05 B C:\CFusionMX7\wwwroot\pspweb\NBA\RunPredictions.cfm --> Pointspreadpros.com /56945/html/NBA RunPredictions.cfm
107.12.24 15:05 B C:\CFusionMX7\wwwroot\pspweb\NBA\ShowPicks.cfm --> Pointspreadpros.com /56945/html/NBA ShowPicks.cfm
107.12.24 15:05 B C:\CFusionMX7\wwwroot\pspweb\NBA\SetupTablesHAPow.cfm --> Pointspreadpros.com /56945/html/NBA SetupTablesHAPow.cfm
107.12.24 15:05 B C:\CFusionMX7\wwwroot\pspweb\NBA\SetupHAAvgs.cfm --> Pointspreadpros.com /56945/html/NBA SetupHAAvgs.cfm
107.12.24 15:05 B C:\CFusionMX7\wwwroot\pspweb\NBA\GameSimUltimateHomeAwayPOW.cfm --> Pointspreadpros.com /56945/html/NBA GameSimUltimateHomeAwayPOW.cfm
107.12.24 15:05 B C:\CFusionMX7\wwwroot\pspweb\NBA\LoadSpreads.cfm --> Pointspreadpros.com /56945/html/NBA LoadSpreads.cfm
107.12.24 15:05 B C:\CFusionMX7\wwwroot\pspweb\NBA\NBA.apf --> Pointspreadpros.com /56945/html/NBA NBA.apf
107.12.24 15:05 B C:\CFusionMX7\wwwroot\pspweb\NBA\CreateAvgsRecentForm.cfm --> Pointspreadpros.com /56945/html/NBA CreateAvgsRecentForm.cfm
107.12.24 15:05 B C:\CFusionMX7\wwwroot\pspweb\NBA\CreateAvgsHomeAwayRecentForm.cfm --> Pointspreadpros.com /56945/html/NBA CreateAvgsHomeAwayRecentForm.cfm
107.12.24 15:05 B C:\CFusionMX7\wwwroot\pspweb\NBA\GameSimRecentForm.cfm --> Pointspreadpros.com /56945/html/NBA GameSimRecentForm.cfm
107.12.24 15:05 B C:\CFusionMX7\wwwroot\pspweb\NBA\Application.cfm --> Pointspreadpros.com /56945/html/NBA Application.cfm
107.12.24 15:06 B C:\CFusionMX7\wwwroot\pspweb\NBA\GameSimUltimate.cfm --> Pointspreadpros.com /56945/html/NBA GameSimUltimate.cfm
107.12.24 15:06 B C:\CFusionMX7\wwwroot\pspweb\NBA\NBAGameSim6.cfm --> Pointspreadpros.com /56945/html/NBA NBAGameSim6.cfm
107.12.24 15:06 B C:\CFusionMX7\wwwroot\pspweb\NBA\NbaPowerRatingPicks.cfm --> Pointspreadpros.com /56945/html/NBA NbaPowerRatingPicks.cfm
107.12.24 15:06 B C:\CFusionMX7\wwwroot\pspweb\NBA\test.cfm --> Pointspreadpros.com /56945/html/NBA test.cfm
107.12.24 15:06 B C:\CFusionMX7\wwwroot\pspweb\NBA\NBAGameSim5.cfm --> Pointspreadpros.com /56945/html/NBA NBAGameSim5.cfm
107.12.24 15:06 B C:\CFusionMX7\wwwroot\pspweb\NBA\CreatePowerMinutes.cfm --> Pointspreadpros.com /56945/html/NBA CreatePowerMinutes.cfm
107.12.24 15:06 B C:\CFusionMX7\wwwroot\pspweb\NBA\OverUnders.cfm --> Pointspreadpros.com /56945/html/NBA OverUnders.cfm
107.12.24 15:06 B C:\CFusionMX7\wwwroot\pspweb\NBA\CommonOpponentSys.cfm --> Pointspreadpros.com /56945/html/NBA CommonOpponentSys.cfm
107.12.24 15:06 B C:\CFusionMX7\wwwroot\pspweb\NBA\PowerSystem.cfm --> Pointspreadpros.com /56945/html/NBA PowerSystem.cfm
107.12.24 15:06 B C:\CFusionMX7\wwwroot\pspweb\NBA\NBAGameSimPower.cfm --> Pointspreadpros.com /56945/html/NBA NBAGameSimPower.cfm
107.12.24 15:06 B C:\CFusionMX7\wwwroot\pspweb\NBA\NBAGameSim4.cfm --> Pointspreadpros.com /56945/html/NBA NBAGameSim4.cfm
107.12.24 15:06 B C:\CFusionMX7\wwwroot\pspweb\NBA\NBAGameSim3.cfm --> Pointspreadpros.com /56945/html/NBA NBAGameSim3.cfm
107.12.24 15:06 B C:\CFusionMX7\wwwroot\pspweb\NBA\CreatePossesionPcts4.cfm --> Pointspreadpros.com /56945/html/NBA CreatePossesionPcts4.cfm
107.12.24 15:06 B C:\CFusionMX7\wwwroot\pspweb\NBA\CreatePossesionPcts3.cfm --> Pointspreadpros.com /56945/html/NBA CreatePossesionPcts3.cfm
107.12.24 15:06 B C:\CFusionMX7\wwwroot\pspweb\NBA\NBAGameSim2.cfm --> Pointspreadpros.com /56945/html/NBA NBAGameSim2.cfm
107.12.24 15:06 B C:\CFusionMX7\wwwroot\pspweb\NBA\CreatePossesionPcts2.cfm --> Pointspreadpros.com /56945/html/NBA CreatePossesionPcts2.cfm
107.12.24 15:06 B C:\CFusionMX7\wwwroot\pspweb\NBA\CreatePossesionPcts.cfm --> Pointspreadpros.com /56945/html/NBA CreatePossesionPcts.cfm
107.12.24 15:06 B C:\CFusionMX7\wwwroot\pspweb\NBA\NBAGameSim.cfm --> Pointspreadpros.com /56945/html/NBA NBAGameSim.cfm
107.12.24 15:06 B C:\CFusionMX7\wwwroot\pspweb\NBA\Random.cfc --> Pointspreadpros.com /56945/html/NBA Random.cfc
107.12.24 15:06 B C:\CFusionMX7\wwwroot\pspweb\NBA\Random.cfm --> Pointspreadpros.com /56945/html/NBA Random.cfm
107.12.24 22:14 B C:\CFusionMX7\wwwroot\pspweb\NBA\NBAPicksFree.cfm --> Pointspreadpros.com /56945/html/NBA NBAPicksFree.cfm
107.12.24 22:14 B C:\CFusionMX7\wwwroot\pspweb\NBA\PicksReport.cfm --> Pointspreadpros.com /56945/html/NBA PicksReport.cfm
107.12.24 22:14 B C:\CFusionMX7\wwwroot\pspweb\NBA\nbapicks.cfm --> Pointspreadpros.com /56945/html/NBA nbapicks.cfm
107.12.24 22:14 B C:\CFusionMX7\wwwroot\pspweb\NBA\NBAFreePicksPage.cfm --> Pointspreadpros.com /56945/html/NBA NBAFreePicksPage.cfm
107.12.24 22:14 B C:\CFusionMX7\wwwroot\pspweb\NBA\nbapicksyesterday.cfm --> Pointspreadpros.com /56945/html/NBA nbapicksyesterday.cfm
107.12.24 22:14 B C:\CFusionMX7\wwwroot\pspweb\NBA\NBASignup.cfm --> Pointspreadpros.com /56945/html/NBA NBASignup.cfm
107.12.24 22:14 B C:\CFusionMX7\wwwroot\pspweb\NBA\NBAPicksWithLogin.cfm --> Pointspreadpros.com /56945/html/NBA NBAPicksWithLogin.cfm
107.12.24 22:18 B C:\CFusionMX7\wwwroot\pspweb\NBA\NBAPicksFree.cfm --> Pointspreadpros.com /56945/html/NBA NBAPicksFree.cfm
107.12.24 22:20 B C:\CFusionMX7\wwwroot\pspweb\NBA\NBAFreePicksPage.cfm --> Pointspreadpros.com /56945/html/NBA NBAFreePicksPage.cfm
107.12.24 22:24 B C:\CFusionMX7\wwwroot\pspweb\NBA\nbapicksyesterday.cfm --> Pointspreadpros.com /56945/html/NBA nbapicksyesterday.cfm
107.12.24 22:29 B C:\CFusionMX7\wwwroot\pspweb\NBA\OrderedNBAMembership.cfm --> Pointspreadpros.com /56945/html OrderedNBAMembership.cfm
107.12.24 22:37 B C:\CFusionMX7\wwwroot\pspweb\NBA\OrderedNBAMembership.cfm --> Pointspreadpros.com /56945/html OrderedNBAMembership.cfm
107.12.24 22:37 B C:\CFusionMX7\wwwroot\pspweb\NBA\OrderedNBAMembership.cfm --> Pointspreadpros.com /56945/html/NBA OrderedNBAMembership.cfm
107.12.24 22:38 B C:\CFusionMX7\wwwroot\pspweb\NBA\OrderedNBAMembership.cfm --> Pointspreadpros.com /56945/html/NBA OrderedNBAMembership.cfm
107.12.24 22:38 B C:\CFusionMX7\wwwroot\pspweb\NBA\OrderedNBAMembership.cfm --> Pointspreadpros.com /56945/html OrderedNBAMembership.cfm
107.12.24 22:39 B C:\CFusionMX7\wwwroot\pspweb\NBA\OrderedNBAMembership.cfm --> Pointspreadpros.com /56945/html OrderedNBAMembership.cfm
107.12.24 22:39 B C:\CFusionMX7\wwwroot\pspweb\NBA\OrderedNBAMembership.cfm --> Pointspreadpros.com /56945/html/NBA OrderedNBAMembership.cfm
107.12.24 23:10 B C:\CFusionMX7\wwwroot\pspweb\NBA\nbapicks.cfm --> Pointspreadpros.com /56945/html/NBA nbapicks.cfm
107.12.25 13:32 B C:\CFusionMX7\wwwroot\pspweb\NBA\NBAPicksFree.cfm --> Pointspreadpros.com /56945/html NBAPicksFree.cfm
107.12.25 13:34 B C:\CFusionMX7\wwwroot\pspweb\NBA\NBAPicksFree.cfm --> Pointspreadpros.com /56945/html/NBA NBAPicksFree.cfm
107.12.25 13:36 B C:\CFusionMX7\wwwroot\pspweb\NBA\NBAPicksFree.cfm --> Pointspreadpros.com /56945/html/NBA NBAPicksFree.cfm
107.12.25 13:36 B C:\CFusionMX7\wwwroot\pspweb\NBA\NBASignup.cfm --> Pointspreadpros.com /56945/html/NBA NBASignup.cfm
107.12.25 13:36 B C:\CFusionMX7\wwwroot\pspweb\NBA\NBAPicksFree.cfm --> Pointspreadpros.com /56945/html/NBA NBAPicksFree.cfm
107.12.25 13:36 B C:\CFusionMX7\wwwroot\pspweb\NBA\NBASignup.cfm --> Pointspreadpros.com /56945/html/NBA NBASignup.cfm
107.12.25 13:39 B C:\CFusionMX7\wwwroot\pspweb\NBA\NBAPicksFree.cfm --> Pointspreadpros.com /56945/html/NBA NBAPicksFree.cfm
107.12.25 13:39 B C:\CFusionMX7\wwwroot\pspweb\NBA\NBASignup.cfm --> Pointspreadpros.com /56945/html/NBA NBASignup.cfm
107.12.25 13:41 B C:\CFusionMX7\wwwroot\pspweb\NBA\Login.cfm --> Pointspreadpros.com /56945/html/NBA Login.cfm
107.12.25 13:44 B C:\CFusionMX7\wwwroot\pspweb\NBA\NBASignup.cfm --> Pointspreadpros.com /56945/html/NBA NBASignup.cfm
107.12.26 12:14 B C:\CFusionMX7\wwwroot\pspweb\NBA\nbapicksyesterday.cfm <-- Pointspreadpros /56945/html/NBA nbapicksyesterday.cfm
107.12.26 13:00 B C:\CFusionMX7\wwwroot\pspweb\NBA\nbapicks.cfm --> Pointspreadpros.com /56945/html/NBA nbapicks.cfm
107.12.26 13:02 B C:\CFusionMX7\wwwroot\pspweb\NBA\NBAPicksWithLogin.cfm --> Pointspreadpros.com /56945/html/NBA NBAPicksWithLogin.cfm
107.12.26 14:14 B C:\CFusionMX7\wwwroot\pspweb\NBA\NBAPicksFree.cfm --> Pointspreadpros.com /56945/html/NBA NBAPicksFree.cfm
107.12.26 22:19 B C:\CFusionMX7\wwwroot\pspweb\NBA\NBAPicksFree.cfm --> Pointspreadpros.com /56945/html/NBA NBAPicksFree.cfm
107.12.27 13:07 B C:\CFusionMX7\wwwroot\pspweb\NBA\nbapicks.cfm --> Pointspreadpros.com /56945/html/NBA nbapicks.cfm
107.12.28 12:07 B C:\CFusionMX7\wwwroot\pspweb\NBA\NBAPicksFree.cfm --> Pointspreadpros.com /56945/html/NBA NBAPicksFree.cfm
107.12.28 14:21 B C:\CFusionMX7\wwwroot\pspweb\NBA\nbapicks.cfm --> Pointspreadpros.com /56945/html/NBA nbapicks.cfm
107.12.28 23:20 B C:\CFusionMX7\wwwroot\pspweb\NBA\NBAPicksFree.cfm --> Pointspreadpros.com /56945/html NBAPicksFree.cfm
107.12.28 23:20 B C:\CFusionMX7\wwwroot\pspweb\NBA\NBAPicksFree.cfm --> Pointspreadpros.com /56945/html/NBA NBAPicksFree.cfm
107.12.28 23:22 B C:\CFusionMX7\wwwroot\pspweb\NBA\NBAPicksFree.cfm --> Pointspreadpros.com /56945/html/NBA NBAPicksFree.cfm
107.12.29 10:09 B C:\CFusionMX7\wwwroot\pspweb\NBA\NBAPicksFree.cfm --> Pointspreadpros.com /56945/html/NBA NBAPicksFree.cfm
107.12.29 10:12 B C:\CFusionMX7\wwwroot\pspweb\NBA\NBAPicksFree.cfm --> Pointspreadpros.com /56945/html/NBA NBAPicksFree.cfm
107.12.29 10:17 B C:\CFusionMX7\wwwroot\pspweb\NBA\NBAPicksFree.cfm --> Pointspreadpros.com /56945/html/NBA NBAPicksFree.cfm
107.12.29 10:23 B C:\CFusionMX7\wwwroot\pspweb\NBA\NBAPicksFree.cfm --> Pointspreadpros.com /56945/html/NBA NBAPicksFree.cfm
107.12.29 10:25 B C:\CFusionMX7\wwwroot\pspweb\NBA\NBAPicksFree.cfm --> Pointspreadpros.com /56945/html/NBA NBAPicksFree.cfm
107.12.29 10:43 B C:\CFusionMX7\wwwroot\pspweb\NBA\NBAPicksFree.cfm --> Pointspreadpros.com /56945/html/NBA NBAPicksFree.cfm
107.12.29 10:45 B C:\CFusionMX7\wwwroot\pspweb\NBA\NBAPicksFree.cfm --> Pointspreadpros.com /56945/html/NBA NBAPicksFree.cfm
107.12.29 10:45 B C:\CFusionMX7\wwwroot\pspweb\NBA\NBAPicksFree.cfm --> Pointspreadpros.com /56945/html/NBA NBAPicksFree.cfm
107.12.29 10:47 B C:\CFusionMX7\wwwroot\pspweb\NBA\NBAPicksFree.cfm --> Pointspreadpros.com /56945/html/NBA NBAPicksFree.cfm
107.12.29 10:49 B C:\CFusionMX7\wwwroot\pspweb\NBA\NBAPicksFree.cfm --> Pointspreadpros.com /56945/html/NBA NBAPicksFree.cfm
107.12.29 10:51 B C:\CFusionMX7\wwwroot\pspweb\NBA\NBAPicksFree.cfm --> Pointspreadpros.com /56945/html/NBA NBAPicksFree.cfm
107.12.29 10:53 B C:\CFusionMX7\wwwroot\pspweb\NBA\NBAPicksFree.cfm --> Pointspreadpros.com /56945/html/NBA NBAPicksFree.cfm
107.12.29 10:59 B C:\CFusionMX7\wwwroot\pspweb\NBA\OrderedNBAMembership.cfm --> Pointspreadpros.com /56945/html/NBA OrderedNBAMembership.cfm
107.12.29 10:59 B C:\CFusionMX7\wwwroot\pspweb\NBA\NBAPicksFree.cfm --> Pointspreadpros.com /56945/html/NBA NBAPicksFree.cfm
107.12.29 11:00 B C:\CFusionMX7\wwwroot\pspweb\NBA\NBAPicksFree.cfm --> Pointspreadpros.com /56945/html/NBA NBAPicksFree.cfm
107.12.29 11:05 B C:\CFusionMX7\wwwroot\pspweb\NBA\NBAPicksFree.cfm --> Pointspreadpros.com /56945/html/NBA NBAPicksFree.cfm
107.12.29 11:06 B C:\CFusionMX7\wwwroot\pspweb\NBA\NBAPicksFree.cfm --> Pointspreadpros.com /56945/html/NBA NBAPicksFree.cfm
107.12.29 11:08 B C:\CFusionMX7\wwwroot\pspweb\NBA\NBAPicksFree.cfm --> Pointspreadpros.com /56945/html/NBA NBAPicksFree.cfm
107.12.29 11:09 B C:\CFusionMX7\wwwroot\pspweb\NBA\NBAPicksFree.cfm --> Pointspreadpros.com /56945/html/NBA NBAPicksFree.cfm
107.12.29 11:10 B C:\CFusionMX7\wwwroot\pspweb\NBA\NBAPicksFree.cfm --> Pointspreadpros.com /56945/html/NBA NBAPicksFree.cfm
107.12.29 11:48 B C:\CFusionMX7\wwwroot\pspweb\NBA\nbapicks.cfm --> Pointspreadpros.com /56945/html/NBA nbapicks.cfm
107.12.30 09:34 B C:\CFusionMX7\wwwroot\pspweb\NBA\NBAPicksFree.cfm --> Pointspreadpros.com /56945/html/NBA NBAPicksFree.cfm
107.12.30 09:56 B C:\CFusionMX7\wwwroot\pspweb\NBA\NBAPicksFree.cfm --> Pointspreadpros.com /56945/html/NBA NBAPicksFree.cfm
107.12.30 13:32 B C:\CFusionMX7\wwwroot\pspweb\NBA\nbapicks.cfm --> Pointspreadpros.com /56945/html/NBA nbapicks.cfm
107.12.31 09:49 B C:\CFusionMX7\wwwroot\pspweb\NBA\NBAPicksFree.cfm --> Pointspreadpros.com /56945/html/NBA NBAPicksFree.cfm
107.12.31 11:32 B C:\CFusionMX7\wwwroot\pspweb\NBA\NBAPicksFree.cfm --> Pointspreadpros.com /56945/html/NBA NBAPicksFree.cfm
107.12.31 11:44 B C:\CFusionMX7\wwwroot\pspweb\NBA\NBAPicksFree.cfm --> Pointspreadpros.com /56945/html/NBA NBAPicksFree.cfm
107.12.31 13:41 B C:\CFusionMX7\wwwroot\pspweb\NBA\nbapicks.cfm --> Pointspreadpros.com /56945/html/NBA nbapicks.cfm
107.12.31 22:11 B C:\CFusionMX7\wwwroot\pspweb\NBA\psprecap.html --> Pointspreadpros.com /56945/html psprecap.html
108.01.02 11:24 B C:\CFusionMX7\wwwroot\pspweb\NBA\NBAPicksFree.cfm --> Pointspreadpros.com /56945/html/NBA NBAPicksFree.cfm
108.01.02 22:37 B C:\CFusionMX7\wwwroot\pspweb\NBA\Nbaspds.cfm --> Pointspreadpros.com /56945/html/NBA Nbaspds.cfm
108.01.03 14:46 B C:\CFusionMX7\wwwroot\pspweb\NBA\NBAPicksFree.cfm --> Pointspreadpros.com /56945/html/NBA NBAPicksFree.cfm
108.01.03 14:49 B C:\CFusionMX7\wwwroot\pspweb\NBA\nbapicks.cfm --> Pointspreadpros.com /56945/html/NBA nbapicks.cfm
108.01.04 12:23 B C:\CFusionMX7\wwwroot\pspweb\NBA\NBAPicksFree.cfm --> Pointspreadpros.com /56945/html/NBA NBAPicksFree.cfm
108.01.04 23:21 B C:\CFusionMX7\wwwroot\pspweb\NBA\nbapicks.cfm --> Pointspreadpros.com /56945/html/NBA nbapicks.cfm
108.01.05 14:27 B C:\CFusionMX7\wwwroot\pspweb\NBA\NBAPicksFree.cfm --> Pointspreadpros.com /56945/html/nba NBAPicksFree.cfm
108.01.05 15:39 B C:\CFusionMX7\wwwroot\pspweb\NBA\nbapicks.cfm --> Pointspreadpros.com /56945/html/nba nbapicks.cfm
108.01.05 22:50 B C:\CFusionMX7\wwwroot\pspweb\NBA\nbapicks.cfm --> Pointspreadpros.com /56945/html/nba nbapicks.cfm
108.01.06 00:28 B C:\CFusionMX7\wwwroot\pspweb\NBA\NBAPicksFree.cfm --> Pointspreadpros.com /56945/html/nba NBAPicksFree.cfm
108.01.06 12:01 B C:\CFusionMX7\wwwroot\pspweb\NBA\NBAPicksFree.cfm --> Pointspreadpros.com /56945/html/nba NBAPicksFree.cfm
108.01.06 21:22 B C:\CFusionMX7\wwwroot\pspweb\NBA\nbapicks.cfm --> Pointspreadpros.com /56945/html/nba nbapicks.cfm
108.01.07 12:56 B C:\CFusionMX7\wwwroot\pspweb\NBA\NBAPicksFree.cfm --> Pointspreadpros.com /56945/html/nba NBAPicksFree.cfm
108.01.07 14:19 B C:\CFusionMX7\wwwroot\pspweb\NBA\NBAPicksFree.cfm --> Pointspreadpros.com /56945/html/nba NBAPicksFree.cfm
108.01.07 15:31 B C:\CFusionMX7\wwwroot\pspweb\NBA\NBAPicksFree.cfm --> Pointspreadpros.com /56945/html/nba NBAPicksFree.cfm
108.01.07 15:33 B C:\CFusionMX7\wwwroot\pspweb\NBA\NBAPicksFree.cfm --> Pointspreadpros.com /56945/html/nba NBAPicksFree.cfm
108.01.07 15:34 B C:\CFusionMX7\wwwroot\pspweb\NBA\NBAPicksFree.cfm --> Pointspreadpros.com /56945/html/nba NBAPicksFree.cfm
108.01.07 15:35 B C:\CFusionMX7\wwwroot\pspweb\NBA\NBAPicksFree.cfm --> Pointspreadpros.com /56945/html/nba NBAPicksFree.cfm
108.01.07 15:42 B C:\CFusionMX7\wwwroot\pspweb\NBA\NBAPicksFree.cfm --> Pointspreadpros.com /56945/html/nba NBAPicksFree.cfm
108.01.07 23:23 B C:\CFusionMX7\wwwroot\pspweb\NBA\NBAPicksFree.cfm --> Pointspreadpros.com /56945/html/nba NBAPicksFree.cfm
108.01.08 14:32 B C:\CFusionMX7\wwwroot\pspweb\NBA\NBAPicksFree.cfm --> Pointspreadpros.com /56945/html/nba NBAPicksFree.cfm
108.01.08 22:48 B C:\CFusionMX7\wwwroot\pspweb\NBA\NBAPicksFree.cfm --> Pointspreadpros.com /56945/html/nba NBAPicksFree.cfm
108.01.08 22:53 B C:\CFusionMX7\wwwroot\pspweb\NBA\NBAPicksFree.cfm --> Pointspreadpros.com /56945/html/nba NBAPicksFree.cfm
108.01.08 23:10 B C:\CFusionMX7\wwwroot\pspweb\NBA\NBAPicksFree.cfm --> Pointspreadpros.com /56945/html/nba NBAPicksFree.cfm
108.01.09 08:43 B C:\CFusionMX7\wwwroot\pspweb\NBA\NBAPicksFree.cfm --> Pointspreadpros.com /56945/html/nba NBAPicksFree.cfm
108.01.09 16:05 B C:\CFusionMX7\wwwroot\pspweb\NBA\NBAPicksFree.cfm --> Pointspreadpros.com /56945/html/nba NBAPicksFree.cfm
108.01.10 08:38 B C:\CFusionMX7\wwwroot\pspweb\NBA\NBAPicksFree.cfm --> Pointspreadpros.com /56945/html/nba NBAPicksFree.cfm
108.01.10 08:45 B C:\CFusionMX7\wwwroot\pspweb\NBA\NBAPicksFree.cfm --> Pointspreadpros.com /56945/html/nba NBAPicksFree.cfm
108.01.10 22:02 B C:\CFusionMX7\wwwroot\pspweb\NBA\NBAPicksFree.cfm --> Pointspreadpros.com /56945/html/nba NBAPicksFree.cfm
108.01.10 22:03 B C:\CFusionMX7\wwwroot\pspweb\NBA\NBAPicksFree.cfm --> Pointspreadpros.com /56945/html/nba NBAPicksFree.cfm
108.01.10 22:32 B C:\CFusionMX7\wwwroot\pspweb\NBA\NBAPicksFree.cfm --> Pointspreadpros.com /56945/html/nba NBAPicksFree.cfm
108.01.10 22:33 B C:\CFusionMX7\wwwroot\pspweb\NBA\NBAPicksFree.cfm --> Pointspreadpros.com /56945/html/nba NBAPicksFree.cfm
108.01.10 22:44 B C:\CFusionMX7\wwwroot\pspweb\NBA\NBAPicksFree.cfm --> Pointspreadpros.com /56945/html/nba NBAPicksFree.cfm
108.01.10 23:20 B C:\CFusionMX7\wwwroot\pspweb\NBA\NBAPicksWithLogin.cfm --> Pointspreadpros.com /56945/html/nba NBAPicksWithLogin.cfm
108.01.10 23:39 B C:\CFusionMX7\wwwroot\pspweb\NBA\NBAPicksFree.cfm --> Pointspreadpros.com /56945/html NBAPicksFree.cfm
108.01.10 23:49 B C:\CFusionMX7\wwwroot\pspweb\NBA\NBAPicksFree.cfm --> Pointspreadpros.com /56945/html/NBA NBAPicksFree.cfm
108.01.11 15:27 B C:\CFusionMX7\wwwroot\pspweb\NBA\NBAPicksFree.cfm --> Pointspreadpros.com /56945/html/nba NBAPicksFree.cfm
108.01.11 22:14 B C:\CFusionMX7\wwwroot\pspweb\NBA\NBAPicksFree.cfm --> Pointspreadpros.com /56945/html/nba NBAPicksFree.cfm
108.01.12 21:44 B C:\CFusionMX7\wwwroot\pspweb\NBA\NBAPicksFree.cfm --> Pointspreadpros.com /56945/html/nba NBAPicksFree.cfm
108.01.12 23:46 B C:\CFusionMX7\wwwroot\pspweb\NBA\NBAPicksFree.cfm --> Pointspreadpros.com /56945/html/nba NBAPicksFree.cfm
108.01.13 09:13 B C:\CFusionMX7\wwwroot\pspweb\NBA\NBAPicksFree.cfm --> Pointspreadpros.com /56945/html/nba NBAPicksFree.cfm
108.01.13 11:21 B C:\CFusionMX7\wwwroot\pspweb\NBA\NBAPicksFree.cfm --> Pointspreadpros.com /56945/html/nba NBAPicksFree.cfm
108.01.14 23:26 B C:\CFusionMX7\wwwroot\pspweb\NBA\NBAPicksFree.cfm --> Pointspreadpros.com /56945/html/nba NBAPicksFree.cfm
108.01.14 23:28 B C:\CFusionMX7\wwwroot\pspweb\NBA\NBAPicksFree.cfm --> Pointspreadpros.com /56945/html/nba NBAPicksFree.cfm
108.01.15 13:59 B C:\CFusionMX7\wwwroot\pspweb\NBA\NBAPicksFree.cfm --> Pointspreadpros.com /56945/html/nba NBAPicksFree.cfm
108.01.15 21:55 B C:\CFusionMX7\wwwroot\pspweb\NBA\NBAPicksFree.cfm --> Pointspreadpros.com /56945/html/nba NBAPicksFree.cfm
108.01.17 12:54 B C:\CFusionMX7\wwwroot\pspweb\NBA\NBAPicksFree.cfm --> Pointspreadpros.com /56945/html/nba NBAPicksFree.cfm
108.01.17 12:55 B C:\CFusionMX7\wwwroot\pspweb\NBA\NBAPicksFree.cfm --> Pointspreadpros.com /56945/html/nba NBAPicksFree.cfm
108.01.17 12:57 B C:\CFusionMX7\wwwroot\pspweb\NBA\NBAPicksFree.cfm --> Pointspreadpros.com /56945/html/nba NBAPicksFree.cfm
108.01.17 13:03 B C:\CFusionMX7\wwwroot\pspweb\NBA\nbapicks.cfm --> Pointspreadpros.com /56945/html/nba nbapicks.cfm
108.01.17 13:14 B C:\CFusionMX7\wwwroot\pspweb\NBA\NBAPicksWithLogin.cfm --> Pointspreadpros.com /56945/html/nba NBAPicksWithLogin.cfm
108.01.17 13:16 B C:\CFusionMX7\wwwroot\pspweb\NBA\NBAPicksWithLogin.cfm --> Pointspreadpros.com /56945/html/nba NBAPicksWithLogin.cfm
108.01.18 13:25 B C:\CFusionMX7\wwwroot\pspweb\NBA\NBAPicksFree.cfm --> Pointspreadpros.com /56945/html/nba NBAPicksFree.cfm
108.01.18 13:36 B C:\CFusionMX7\wwwroot\pspweb\NBA\NBASignup.cfm --> Pointspreadpros.com /56945/html/nba NBASignup.cfm
108.01.18 13:39 B C:\CFusionMX7\wwwroot\pspweb\NBA\NBAPicksFree.cfm --> Pointspreadpros.com /56945/html/nba NBAPicksFree.cfm
108.01.18 13:40 B C:\CFusionMX7\wwwroot\pspweb\NBA\NBAPicksFree.cfm --> Pointspreadpros.com /56945/html/nba NBAPicksFree.cfm
108.01.18 13:41 B C:\CFusionMX7\wwwroot\pspweb\NBA\NBAPicksFree.cfm --> Pointspreadpros.com /56945/html/nba NBAPicksFree.cfm
108.01.18 13:42 B C:\CFusionMX7\wwwroot\pspweb\NBA\NBASignup.cfm --> Pointspreadpros.com /56945/html/nba NBASignup.cfm
108.01.18 18:43 B C:\CFusionMX7\wwwroot\pspweb\NBA\NBAPicksFree.cfm --> Pointspreadpros.com /56945/html/nba NBAPicksFree.cfm
108.01.19 15:46 B C:\CFusionMX7\wwwroot\pspweb\NBA\NBAPicksFree.cfm --> Pointspreadpros.com /56945/html/nba NBAPicksFree.cfm
108.01.19 15:47 B C:\CFusionMX7\wwwroot\pspweb\NBA\NBAPicksFree.cfm --> Pointspreadpros.com /56945/html/nba NBAPicksFree.cfm
108.01.19 15:48 B C:\CFusionMX7\wwwroot\pspweb\NBA\NBAPicksFree.cfm --> Pointspreadpros.com /56945/html/nba NBAPicksFree.cfm
108.01.19 21:31 B C:\CFusionMX7\wwwroot\pspweb\NBA\NBAPicksFree.cfm --> Pointspreadpros.com /56945/html/nba NBAPicksFree.cfm
108.01.19 21:35 B C:\CFusionMX7\wwwroot\pspweb\NBA\NBAPicksFree.cfm --> Pointspreadpros.com /56945/html/nba NBAPicksFree.cfm
108.01.19 22:27 B C:\CFusionMX7\wwwroot\pspweb\NBA\NBAPicksFree.cfm --> Pointspreadpros.com /56945/html/nba NBAPicksFree.cfm
108.01.19 22:27 B C:\CFusionMX7\wwwroot\pspweb\NBA\NBAPicksFree.cfm --> Pointspreadpros.com /56945/html/nba NBAPicksFree.cfm
108.01.21 22:12 B C:\CFusionMX7\wwwroot\pspweb\NBA\NBAPicksFree.cfm --> Pointspreadpros.com /56945/html/nba NBAPicksFree.cfm
108.01.24 11:25 B C:\CFusionMX7\wwwroot\pspweb\NBA\NBAPicksFree.cfm --> Pointspreadpros.com /56945/html/nba NBAPicksFree.cfm
108.01.24 23:15 B C:\CFusionMX7\wwwroot\pspweb\NBA\NBAPicksFree.cfm --> Pointspreadpros.com /56945/html/nba NBAPicksFree.cfm
108.01.25 10:28 B C:\CFusionMX7\wwwroot\pspweb\NBA\NBAPicksFree.cfm --> Pointspreadpros.com /56945/html/nba NBAPicksFree.cfm
108.01.25 10:29 B C:\CFusionMX7\wwwroot\pspweb\NBA\nbapicks.cfm --> Pointspreadpros.com /56945/html/nba nbapicks.cfm
108.01.25 10:32 B C:\CFusionMX7\wwwroot\pspweb\NBA\NBAPicksFree.cfm --> Pointspreadpros.com /56945/html/nba NBAPicksFree.cfm
108.01.25 22:20 B C:\CFusionMX7\wwwroot\pspweb\NBA\NBAPicksFree.cfm --> Pointspreadpros.com /56945/html/nba NBAPicksFree.cfm
108.01.25 22:21 B C:\CFusionMX7\wwwroot\pspweb\NBA\NBAPicksFree.cfm --> Pointspreadpros.com /56945/html/nba NBAPicksFree.cfm
108.01.25 22:22 B C:\CFusionMX7\wwwroot\pspweb\NBA\NBAPicksFree.cfm --> Pointspreadpros.com /56945/html/nba NBAPicksFree.cfm
108.01.25 23:32 B C:\CFusionMX7\wwwroot\pspweb\NBA\NBAPicksFree.cfm --> Pointspreadpros.com /56945/html/nba NBAPicksFree.cfm
108.01.26 11:41 B C:\CFusionMX7\wwwroot\pspweb\NBA\NBAPicksFree.cfm --> Pointspreadpros.com /56945/html/nba NBAPicksFree.cfm
108.01.26 11:44 B C:\CFusionMX7\wwwroot\pspweb\NBA\NBAPicksFree.cfm --> Pointspreadpros.com /56945/html/nba NBAPicksFree.cfm
108.01.26 11:49 B C:\CFusionMX7\wwwroot\pspweb\NBA\NBAPicksFree.cfm --> Pointspreadpros.com /56945/html/nba NBAPicksFree.cfm
108.01.26 11:51 B C:\CFusionMX7\wwwroot\pspweb\NBA\NBAPicksFree.cfm --> Pointspreadpros.com /56945/html/nba NBAPicksFree.cfm
108.01.26 11:51 B C:\CFusionMX7\wwwroot\pspweb\NBA\NBASignup.cfm --> Pointspreadpros.com /56945/html/nba NBASignup.cfm
108.01.26 11:56 B C:\CFusionMX7\wwwroot\pspweb\NBA\NBAPicksFree.cfm --> Pointspreadpros.com /56945/html/nba NBAPicksFree.cfm
108.01.26 12:08 B C:\CFusionMX7\wwwroot\pspweb\NBA\NBAPicksFree.cfm --> Pointspreadpros.com /56945/html/nba NBAPicksFree.cfm
108.01.26 12:08 B C:\CFusionMX7\wwwroot\pspweb\NBA\NBASignup.cfm --> Pointspreadpros.com /56945/html/nba NBASignup.cfm
108.01.27 10:36 B C:\CFusionMX7\wwwroot\pspweb\NBA\NBAPicksFree.cfm --> Pointspreadpros.com /56945/html/nba NBAPicksFree.cfm
108.01.27 10:36 B C:\CFusionMX7\wwwroot\pspweb\NBA\NBASignup.cfm --> Pointspreadpros.com /56945/html/nba NBASignup.cfm
108.01.27 10:40 B C:\CFusionMX7\wwwroot\pspweb\NBA\NBAPicksFree.cfm --> Pointspreadpros.com /56945/html/nba NBAPicksFree.cfm
108.01.27 10:40 B C:\CFusionMX7\wwwroot\pspweb\NBA\NBASignup.cfm --> Pointspreadpros.com /56945/html/nba NBASignup.cfm
108.01.28 15:30 B C:\CFusionMX7\wwwroot\pspweb\NBA\NBASignup.cfm --> Pointspreadpros.com /56945/html/nba NBASignup.cfm
108.01.28 15:30 B C:\CFusionMX7\wwwroot\pspweb\NBA\NBAPicksFree.cfm --> Pointspreadpros.com /56945/html/nba NBAPicksFree.cfm
108.01.29 14:08 B C:\CFusionMX7\wwwroot\pspweb\NBA\NBAPicksFree.cfm --> Pointspreadpros.com /56945/html/nba NBAPicksFree.cfm
108.01.30 23:33 B C:\CFusionMX7\wwwroot\pspweb\NBA\NBASignup.cfm --> Pointspreadpros.com /56945/html/nba NBASignup.cfm
108.02.02 10:08 B C:\CFusionMX7\wwwroot\pspweb\NBA\NBASignup.cfm --> Pointspreadpros.com /56945/html/nba NBASignup.cfm
108.02.06 14:00 B C:\CFusionMX7\wwwroot\pspweb\NBA\NBAPicksFree.cfm --> Pointspreadpros.com /56945/html/nba NBAPicksFree.cfm
108.02.07 08:59 B C:\CFusionMX7\wwwroot\pspweb\NBA\NBASignup.cfm --> Pointspreadpros.com /56945/html/nba NBASignup.cfm
108.02.07 08:59 B C:\CFusionMX7\wwwroot\pspweb\NBA\NBAPicksFree.cfm --> Pointspreadpros.com /56945/html/nba NBAPicksFree.cfm
108.02.08 14:42 B C:\CFusionMX7\wwwroot\pspweb\NBA\NBAPicksFree.cfm --> Pointspreadpros.com /56945/html/nba NBAPicksFree.cfm
108.02.09 09:51 B C:\CFusionMX7\wwwroot\pspweb\NBA\NBASignup.cfm --> Pointspreadpros.com /56945/html/nba NBASignup.cfm
108.02.09 09:51 B C:\CFusionMX7\wwwroot\pspweb\NBA\NBAPicksFree.cfm --> Pointspreadpros.com /56945/html/nba NBAPicksFree.cfm
108.02.09 09:52 B C:\CFusionMX7\wwwroot\pspweb\NBA\NBASignup.cfm --> Pointspreadpros.com /56945/html/nba NBASignup.cfm
108.02.09 09:52 B C:\CFusionMX7\wwwroot\pspweb\NBA\NBAPicksFree.cfm --> Pointspreadpros.com /56945/html/nba NBAPicksFree.cfm
108.02.11 13:50 B C:\CFusionMX7\wwwroot\pspweb\NBA\NBAPicksFree.cfm --> Pointspreadpros.com /56945/html/nba NBAPicksFree.cfm
108.02.12 09:27 B C:\CFusionMX7\wwwroot\pspweb\NBA\NBASignup.cfm --> Pointspreadpros.com /56945/html/nba NBASignup.cfm
108.02.12 09:27 B C:\CFusionMX7\wwwroot\pspweb\NBA\NBAPicksFree.cfm --> Pointspreadpros.com /56945/html/nba NBAPicksFree.cfm
108.02.13 14:25 B C:\CFusionMX7\wwwroot\pspweb\NBA\NBASignup.cfm --> Pointspreadpros.com /56945/html/nba NBASignup.cfm
108.02.13 14:26 B C:\CFusionMX7\wwwroot\pspweb\NBA\NBAPicksFree.cfm --> Pointspreadpros.com /56945/html/nba NBAPicksFree.cfm
108.02.20 12:53 B C:\CFusionMX7\wwwroot\pspweb\NBA\NBAPicksFree.cfm --> Pointspreadpros.com /56945/html/nba NBAPicksFree.cfm
108.02.22 13:27 B C:\CFusionMX7\wwwroot\pspweb\NBA\NBAPicksFree.cfm --> Pointspreadpros.com /56945/html/nba NBAPicksFree.cfm
108.02.24 13:13 B C:\CFusionMX7\wwwroot\pspweb\NBA\NBAPicksFree.cfm --> Pointspreadpros.com /56945/html/nba NBAPicksFree.cfm
108.02.25 09:29 B C:\CFusionMX7\wwwroot\pspweb\NBA\NBAPicksFree.cfm --> Pointspreadpros.com /56945/html/nba NBAPicksFree.cfm
108.02.25 12:21 B C:\CFusionMX7\wwwroot\pspweb\NBA\NBAPicksFree.cfm --> Pointspreadpros.com /56945/html/nba NBAPicksFree.cfm
108.02.25 23:24 B C:\CFusionMX7\wwwroot\pspweb\NBA\NBAPicksFree.cfm --> Pointspreadpros.com /56945/html/nba NBAPicksFree.cfm
108.02.25 23:28 B C:\CFusionMX7\wwwroot\pspweb\NBA\NBAPicksFree.cfm --> Pointspreadpros.com /56945/html/nba NBAPicksFree.cfm
108.02.25 23:28 B C:\CFusionMX7\wwwroot\pspweb\NBA\NBAPicksFree.cfm --> Pointspreadpros.com /56945/html/nba NBAPicksFree.cfm
108.02.27 11:50 B C:\CFusionMX7\wwwroot\pspweb\NBA\NBAPicksFree.cfm --> Pointspreadpros.com /56945/html/nba NBAPicksFree.cfm
108.02.27 12:11 B C:\CFusionMX7\wwwroot\pspweb\NBA\NBAPicksFree.cfm --> Pointspreadpros.com /56945/html/nba NBAPicksFree.cfm
108.02.28 09:35 B C:\CFusionMX7\wwwroot\pspweb\NBA\NBAPicksFree.cfm --> Pointspreadpros.com /56945/html/nba NBAPicksFree.cfm
108.02.28 09:38 B C:\CFusionMX7\wwwroot\pspweb\NBA\NBAPicksFree.cfm --> Pointspreadpros.com /56945/html/nba NBAPicksFree.cfm
108.02.29 14:28 B C:\CFusionMX7\wwwroot\pspweb\NBA\NBAPicksFree.cfm --> Pointspreadpros.com /56945/html/nba NBAPicksFree.cfm
108.03.01 10:38 B C:\CFusionMX7\wwwroot\pspweb\NBA\NBAPicksFree.cfm --> Pointspreadpros.com /56945/html/nba NBAPicksFree.cfm
108.03.04 11:53 B C:\CFusionMX7\wwwroot\pspweb\NBA\NBAPicksFree.cfm --> Pointspreadpros.com /56945/html/nba NBAPicksFree.cfm
108.03.04 14:29 B C:\CFusionMX7\wwwroot\pspweb\NBA\nbapicks.cfm --> Pointspreadpros.com /56945/html/nba nbapicks.cfm
108.03.04 14:29 B C:\CFusionMX7\wwwroot\pspweb\NBA\NBAPicksFree.cfm --> Pointspreadpros.com /56945/html/nba NBAPicksFree.cfm
108.03.05 09:34 B C:\CFusionMX7\wwwroot\pspweb\NBA\NBAPicksFree.cfm --> Pointspreadpros.com /56945/html/nba NBAPicksFree.cfm
108.03.05 10:33 B C:\CFusionMX7\wwwroot\pspweb\NBA\nbapicks.cfm --> Pointspreadpros.com /56945/html/nba nbapicks.cfm
108.03.05 10:33 B C:\CFusionMX7\wwwroot\pspweb\NBA\NBAPicksFree.cfm --> Pointspreadpros.com /56945/html/nba NBAPicksFree.cfm
108.03.05 23:05 B C:\CFusionMX7\wwwroot\pspweb\NBA\NBAPicksFree.cfm --> Pointspreadpros.com /56945/html/nba NBAPicksFree.cfm
108.03.05 23:07 B C:\CFusionMX7\wwwroot\pspweb\NBA\NBAPicksFree.cfm --> Pointspreadpros.com /56945/html/nba NBAPicksFree.cfm
108.03.07 13:26 B C:\CFusionMX7\wwwroot\pspweb\NBA\nbapicks.cfm --> Pointspreadpros.com /56945/html/nba nbapicks.cfm
108.03.07 13:26 B C:\CFusionMX7\wwwroot\pspweb\NBA\NBAPicksFree.cfm --> Pointspreadpros.com /56945/html/nba NBAPicksFree.cfm
108.03.07 13:27 B C:\CFusionMX7\wwwroot\pspweb\NBA\nbapicks.cfm --> Pointspreadpros.com /56945/html/nba nbapicks.cfm
108.03.07 13:27 B C:\CFusionMX7\wwwroot\pspweb\NBA\NBAPicksFree.cfm --> Pointspreadpros.com /56945/html/nba NBAPicksFree.cfm
108.03.07 13:28 B C:\CFusionMX7\wwwroot\pspweb\NBA\nbapicks.cfm --> Pointspreadpros.com /56945/html/nba nbapicks.cfm
108.03.07 13:28 B C:\CFusionMX7\wwwroot\pspweb\NBA\NBAPicksFree.cfm --> Pointspreadpros.com /56945/html/nba NBAPicksFree.cfm
108.03.07 22:38 B C:\CFusionMX7\wwwroot\pspweb\NBA\NBAPicksFree.cfm --> Pointspreadpros.com /56945/html/nba NBAPicksFree.cfm
108.03.08 09:44 B C:\CFusionMX7\wwwroot\pspweb\NBA\NBAPicksFree.cfm --> Pointspreadpros.com /56945/html/nba NBAPicksFree.cfm
108.03.08 09:44 B C:\CFusionMX7\wwwroot\pspweb\NBA\nbapicks.cfm --> Pointspreadpros.com /56945/html/nba nbapicks.cfm
108.03.08 23:29 B C:\CFusionMX7\wwwroot\pspweb\NBA\NBAPicksFree.cfm --> Pointspreadpros.com /56945/html/nba NBAPicksFree.cfm
108.03.10 11:46 B C:\CFusionMX7\wwwroot\pspweb\NBA\NBAPicksFree.cfm --> Pointspreadpros.com /56945/html/nba NBAPicksFree.cfm
108.03.10 11:46 B C:\CFusionMX7\wwwroot\pspweb\NBA\nbapicks.cfm --> Pointspreadpros.com /56945/html/nba nbapicks.cfm
108.03.10 13:18 B C:\CFusionMX7\wwwroot\pspweb\NBA\nbapicks.cfm --> Pointspreadpros.com /56945/html/nba nbapicks.cfm
108.03.10 13:18 B C:\CFusionMX7\wwwroot\pspweb\NBA\NBAPicksFree.cfm --> Pointspreadpros.com /56945/html/nba NBAPicksFree.cfm
108.03.11 08:08 B C:\CFusionMX7\wwwroot\pspweb\NBA\NBAPicksFree.cfm --> Pointspreadpros.com /56945/html/nba NBAPicksFree.cfm
108.03.11 08:08 B C:\CFusionMX7\wwwroot\pspweb\NBA\nbapicks.cfm --> Pointspreadpros.com /56945/html/nba nbapicks.cfm
108.03.11 15:03 B C:\CFusionMX7\wwwroot\pspweb\NBA\NBAPicksFree.cfm --> Pointspreadpros.com /56945/html/nba NBAPicksFree.cfm
108.03.11 15:05 B C:\CFusionMX7\wwwroot\pspweb\NBA\NBAPicksFree.cfm --> Pointspreadpros.com /56945/html/nba NBAPicksFree.cfm
108.03.11 15:05 B C:\CFusionMX7\wwwroot\pspweb\NBA\NBAPicksFree.cfm --> Pointspreadpros.com /56945/html/nba NBAPicksFree.cfm
108.03.11 23:10 B C:\CFusionMX7\wwwroot\pspweb\NBA\NBAPicksFree.cfm --> Pointspreadpros.com /56945/html/nba NBAPicksFree.cfm
108.03.12 11:55 B C:\CFusionMX7\wwwroot\pspweb\NBA\nbapicks.cfm --> Pointspreadpros.com /56945/html/nba nbapicks.cfm
108.03.12 11:55 B C:\CFusionMX7\wwwroot\pspweb\NBA\NBAPicksFree.cfm --> Pointspreadpros.com /56945/html/nba NBAPicksFree.cfm
108.03.13 09:39 B C:\CFusionMX7\wwwroot\pspweb\NBA\NBAPicksFree.cfm --> Pointspreadpros.com /56945/html/nba NBAPicksFree.cfm
108.03.13 09:52 B C:\CFusionMX7\wwwroot\pspweb\NBA\NBAPicksFree.cfm --> Pointspreadpros.com /56945/html/nba NBAPicksFree.cfm
108.03.13 09:53 B C:\CFusionMX7\wwwroot\pspweb\NBA\NBAPicksFree.cfm --> Pointspreadpros.com /56945/html/nba NBAPicksFree.cfm
108.03.13 09:54 B C:\CFusionMX7\wwwroot\pspweb\NBA\NBAPicksFree.cfm --> Pointspreadpros.com /56945/html/nba NBAPicksFree.cfm
108.03.13 10:11 B C:\CFusionMX7\wwwroot\pspweb\NBA\NBAPicksFree.cfm --> Pointspreadpros.com /56945/html/nba NBAPicksFree.cfm
108.03.14 09:38 B C:\CFusionMX7\wwwroot\pspweb\NBA\NBAPicksFree.cfm --> Pointspreadpros.com /56945/html/nba NBAPicksFree.cfm
108.03.14 09:38 B C:\CFusionMX7\wwwroot\pspweb\NBA\Week21PaidPicks.html --> Pointspreadpros.com /56945/html/nba Week21PaidPicks.html
108.03.14 09:39 B C:\CFusionMX7\wwwroot\pspweb\NBA\NBAPicksFree.cfm --> Pointspreadpros.com /56945/html/nba NBAPicksFree.cfm
108.03.14 09:39 B C:\CFusionMX7\wwwroot\pspweb\NBA\Week21PaidPicks.html --> Pointspreadpros.com /56945/html/nba Week21PaidPicks.html
108.03.14 13:21 B C:\CFusionMX7\wwwroot\pspweb\NBA\NBASignup.cfm --> Pointspreadpros.com /56945/html/nba NBASignup.cfm
108.03.14 14:04 B C:\CFusionMX7\wwwroot\pspweb\NBA\NBANewsletter.html --> Pointspreadpros.com /56945/html/nba NBANewsletter.html
108.03.14 14:23 B C:\CFusionMX7\wwwroot\pspweb\NBA\NBANewsletter.html --> Pointspreadpros.com /56945/html/nba NBANewsletter.html
108.03.14 23:41 B C:\CFusionMX7\wwwroot\pspweb\NBA\NBAPicksFree.cfm --> Pointspreadpros.com /56945/html/NBA NBAPicksFree.cfm
108.03.15 11:04 B C:\CFusionMX7\wwwroot\pspweb\NBA\NBAPaidNewsletter.html --> Pointspreadpros.com /56945/html NBAPaidNewsletter.html
108.03.15 11:04 B C:\CFusionMX7\wwwroot\pspweb\NBA\NBAFreeNewsletter.html --> Pointspreadpros.com /56945/html NBAFreeNewsletter.html
108.03.15 11:05 B C:\CFusionMX7\wwwroot\pspweb\NBA\NBAPaidNewsletter.html --> Pointspreadpros.com /56945/html NBAPaidNewsletter.html
108.03.15 11:05 B C:\CFusionMX7\wwwroot\pspweb\NBA\NBAFreeNewsletter.html --> Pointspreadpros.com /56945/html NBAFreeNewsletter.html
108.03.15 11:11 B C:\CFusionMX7\wwwroot\pspweb\NBA\NBAPaidNewsletter.html --> Pointspreadpros.com /56945/html NBAPaidNewsletter.html
108.03.15 11:11 B C:\CFusionMX7\wwwroot\pspweb\NBA\NBAFreeNewsletter.html --> Pointspreadpros.com /56945/html NBAFreeNewsletter.html
108.03.15 11:39 B C:\CFusionMX7\wwwroot\pspweb\NBA\NBAPaidNewsletter.html --> Pointspreadpros.com /56945/html NBAPaidNewsletter.html
108.03.15 11:39 B C:\CFusionMX7\wwwroot\pspweb\NBA\NBAFreeNewsletter.html --> Pointspreadpros.com /56945/html NBAFreeNewsletter.html
108.03.15 11:43 B C:\CFusionMX7\wwwroot\pspweb\NBA\NBAPaidNewsletter.html --> Pointspreadpros.com /56945/html NBAPaidNewsletter.html
108.03.15 22:15 B C:\CFusionMX7\wwwroot\pspweb\NBA\NBAPicksFree.cfm --> Pointspreadpros.com /56945/html/nba NBAPicksFree.cfm
108.03.15 22:20 B C:\CFusionMX7\wwwroot\pspweb\NBA\NBAPicksFree.cfm --> Pointspreadpros.com /56945/html/nba NBAPicksFree.cfm
108.03.15 22:22 B C:\CFusionMX7\wwwroot\pspweb\NBA\NBAPicksFree.cfm --> Pointspreadpros.com /56945/html/nba NBAPicksFree.cfm
108.03.15 22:23 B C:\CFusionMX7\wwwroot\pspweb\NBA\NBAPicksFree.cfm --> Pointspreadpros.com /56945/html/nba NBAPicksFree.cfm
108.03.15 22:24 B C:\CFusionMX7\wwwroot\pspweb\NBA\NBAPicksFree.cfm --> Pointspreadpros.com /56945/html/nba NBAPicksFree.cfm
108.03.15 22:29 B C:\CFusionMX7\wwwroot\pspweb\NBA\NBAPicksFree.cfm --> Pointspreadpros.com /56945/html/nba NBAPicksFree.cfm
108.03.15 22:30 B C:\CFusionMX7\wwwroot\pspweb\NBA\NBAPicksFree.cfm --> Pointspreadpros.com /56945/html/nba NBAPicksFree.cfm
108.03.15 22:32 B C:\CFusionMX7\wwwroot\pspweb\NBA\NBAPicksFree.cfm --> Pointspreadpros.com /56945/html/nba NBAPicksFree.cfm
108.03.16 11:21 B C:\CFusionMX7\wwwroot\pspweb\NBA\NBAFreeNewsletter.html --> Pointspreadpros.com /56945/html NBAFreeNewsletter.html
108.03.16 11:21 B C:\CFusionMX7\wwwroot\pspweb\NBA\NBAPaidNewsletter.html --> Pointspreadpros.com /56945/html NBAPaidNewsletter.html
108.03.16 21:20 B C:\CFusionMX7\wwwroot\pspweb\NBA\NBAPicksFree.cfm --> Pointspreadpros.com /56945/html/nba NBAPicksFree.cfm
108.03.17 10:54 B C:\CFusionMX7\wwwroot\pspweb\NBA\NBAPaidNewsletter.html --> Pointspreadpros.com /56945/html NBAPaidNewsletter.html
108.03.17 10:54 B C:\CFusionMX7\wwwroot\pspweb\NBA\NBAFreeNewsletter.html --> Pointspreadpros.com /56945/html NBAFreeNewsletter.html
108.03.17 12:21 B C:\CFusionMX7\wwwroot\pspweb\NBA\NBAPaidNewsletter.html --> Pointspreadpros.com /56945/html NBAPaidNewsletter.html
108.03.17 12:21 B C:\CFusionMX7\wwwroot\pspweb\NBA\NBAFreeNewsletter.html --> Pointspreadpros.com /56945/html NBAFreeNewsletter.html
108.03.17 22:28 B C:\CFusionMX7\wwwroot\pspweb\NBA\NBAPicksFree.cfm --> Pointspreadpros.com /56945/html/nba NBAPicksFree.cfm
108.03.18 12:21 B C:\CFusionMX7\wwwroot\pspweb\NBA\NBAPaidNewsletter.html --> Pointspreadpros.com /56945/html NBAPaidNewsletter.html
108.03.18 12:21 B C:\CFusionMX7\wwwroot\pspweb\NBA\NBAFreeNewsletter.html --> Pointspreadpros.com /56945/html NBAFreeNewsletter.html
108.03.18 12:22 B C:\CFusionMX7\wwwroot\pspweb\NBA\NBAPaidNewsletter.html --> Pointspreadpros.com /56945/html NBAPaidNewsletter.html
108.03.18 12:22 B C:\CFusionMX7\wwwroot\pspweb\NBA\NBAFreeNewsletter.html --> Pointspreadpros.com /56945/html NBAFreeNewsletter.html
108.03.18 12:24 B C:\CFusionMX7\wwwroot\pspweb\NBA\NBAPaidNewsletter.html --> Pointspreadpros.com /56945/html NBAPaidNewsletter.html
108.03.18 12:24 B C:\CFusionMX7\wwwroot\pspweb\NBA\NBAFreeNewsletter.html --> Pointspreadpros.com /56945/html NBAFreeNewsletter.html
108.03.19 12:50 B C:\CFusionMX7\wwwroot\pspweb\NBA\NBAFreeNewsletter.html --> Pointspreadpros.com /56945/html NBAFreeNewsletter.html
108.03.19 12:50 B C:\CFusionMX7\wwwroot\pspweb\NBA\NBAPaidNewsletter.html --> Pointspreadpros.com /56945/html NBAPaidNewsletter.html
108.03.19 22:42 B C:\CFusionMX7\wwwroot\pspweb\NBA\NBAPicksFree.cfm --> Pointspreadpros.com /56945/html/nba NBAPicksFree.cfm
108.03.20 12:28 B C:\CFusionMX7\wwwroot\pspweb\NBA\NBAFreeNewsletter.html --> Pointspreadpros.com /56945/html NBAFreeNewsletter.html
108.03.20 12:28 B C:\CFusionMX7\wwwroot\pspweb\NBA\NBAPaidNewsletter.html --> Pointspreadpros.com /56945/html NBAPaidNewsletter.html
108.03.20 12:29 B C:\CFusionMX7\wwwroot\pspweb\NBA\NBAFreeNewsletter.html --> Pointspreadpros.com /56945/html NBAFreeNewsletter.html
108.03.20 12:29 B C:\CFusionMX7\wwwroot\pspweb\NBA\NBAPaidNewsletter.html --> Pointspreadpros.com /56945/html NBAPaidNewsletter.html
108.03.21 12:06 B C:\CFusionMX7\wwwroot\pspweb\NBA\NBAFreeNewsletter.html --> Pointspreadpros.com /56945/html NBAFreeNewsletter.html
108.03.21 12:06 B C:\CFusionMX7\wwwroot\pspweb\NBA\NBAPaidNewsletter.html --> Pointspreadpros.com /56945/html NBAPaidNewsletter.html
108.03.22 12:01 B C:\CFusionMX7\wwwroot\pspweb\NBA\NBAFreeNewsletter.html --> Pointspreadpros.com /56945/html NBAFreeNewsletter.html
108.03.22 12:01 B C:\CFusionMX7\wwwroot\pspweb\NBA\NBAPaidNewsletter.html --> Pointspreadpros.com /56945/html NBAPaidNewsletter.html
108.03.22 22:21 B C:\CFusionMX7\wwwroot\pspweb\NBA\NBAPicksFree.cfm --> Pointspreadpros.com /56945/html/nba NBAPicksFree.cfm
108.03.23 10:26 B C:\CFusionMX7\wwwroot\pspweb\NBA\NBAFreeNewsletter.html --> Pointspreadpros.com /56945/html NBAFreeNewsletter.html
108.03.23 10:26 B C:\CFusionMX7\wwwroot\pspweb\NBA\NBAPaidNewsletter.html --> Pointspreadpros.com /56945/html NBAPaidNewsletter.html
108.03.23 10:29 B C:\CFusionMX7\wwwroot\pspweb\NBA\NBAFreeNewsletter.html --> Pointspreadpros.com /56945/html NBAFreeNewsletter.html
108.03.23 10:29 B C:\CFusionMX7\wwwroot\pspweb\NBA\NBAPaidNewsletter.html --> Pointspreadpros.com /56945/html NBAPaidNewsletter.html
108.03.24 11:21 B C:\CFusionMX7\wwwroot\pspweb\NBA\NBAFreeNewsletter.html --> Pointspreadpros.com /56945/html NBAFreeNewsletter.html
108.03.24 11:21 B C:\CFusionMX7\wwwroot\pspweb\NBA\NBAPaidNewsletter.html --> Pointspreadpros.com /56945/html NBAPaidNewsletter.html
108.03.24 11:24 B C:\CFusionMX7\wwwroot\pspweb\NBA\NBAFreeNewsletter.html --> Pointspreadpros.com /56945/html NBAFreeNewsletter.html
108.03.24 11:24 B C:\CFusionMX7\wwwroot\pspweb\NBA\NBAPaidNewsletter.html --> Pointspreadpros.com /56945/html NBAPaidNewsletter.html
108.03.24 11:24 B C:\CFusionMX7\wwwroot\pspweb\NBA\NBAFreeNewsletter.html --> Pointspreadpros.com /56945/html NBAFreeNewsletter.html
108.03.24 11:24 B C:\CFusionMX7\wwwroot\pspweb\NBA\NBAPaidNewsletter.html --> Pointspreadpros.com /56945/html NBAPaidNewsletter.html
108.03.25 08:49 B C:\CFusionMX7\wwwroot\pspweb\NBA\NBAPicksFree.cfm --> Pointspreadpros.com /56945/html/nba NBAPicksFree.cfm
108.03.25 09:06 B C:\CFusionMX7\wwwroot\pspweb\NBA\NBAPicksFree.cfm --> Pointspreadpros.com /56945/html/nba NBAPicksFree.cfm
108.03.25 09:07 B C:\CFusionMX7\wwwroot\pspweb\NBA\NBAPicksFree.cfm --> Pointspreadpros.com /56945/html/nba NBAPicksFree.cfm
108.03.25 11:07 B C:\CFusionMX7\wwwroot\pspweb\NBA\NBAFreeNewsletter.html --> Pointspreadpros.com /56945/html NBAFreeNewsletter.html
108.03.25 11:08 B C:\CFusionMX7\wwwroot\pspweb\NBA\NBAFreeNewsletter.html --> Pointspreadpros.com /56945/html NBAFreeNewsletter.html
108.03.25 11:09 B C:\CFusionMX7\wwwroot\pspweb\NBA\NBAFreeNewsletter.html --> Pointspreadpros.com /56945/html/NBA NBAFreeNewsletter.html
108.03.25 11:09 B C:\CFusionMX7\wwwroot\pspweb\NBA\NBAFreeNewsletter.html --> Pointspreadpros.com /56945/html NBAFreeNewsletter.html
108.03.25 11:10 B C:\CFusionMX7\wwwroot\pspweb\NBA\NBASignup.cfm --> Pointspreadpros.com /56945/html/NBA NBASignup.cfm
108.03.25 11:11 B C:\CFusionMX7\wwwroot\pspweb\NBA\NBASignup.cfm --> Pointspreadpros.com /56945/html/NBA NBASignup.cfm
108.03.25 11:12 B C:\CFusionMX7\wwwroot\pspweb\NBA\NBASignup.cfm --> Pointspreadpros.com /56945/html/NBA NBASignup.cfm
108.03.25 11:22 B C:\CFusionMX7\wwwroot\pspweb\NBA\NBAFreeNewsletter.html --> Pointspreadpros.com /56945/html NBAFreeNewsletter.html
108.03.25 11:22 B C:\CFusionMX7\wwwroot\pspweb\NBA\NBAPaidNewsletter.html --> Pointspreadpros.com /56945/html NBAPaidNewsletter.html
108.03.25 11:23 B C:\CFusionMX7\wwwroot\pspweb\NBA\NBAFreeNewsletter.html --> Pointspreadpros.com /56945/html NBAFreeNewsletter.html
108.03.25 11:23 B C:\CFusionMX7\wwwroot\pspweb\NBA\NBAPaidNewsletter.html --> Pointspreadpros.com /56945/html NBAPaidNewsletter.html
108.03.25 11:24 B C:\CFusionMX7\wwwroot\pspweb\NBA\NBAFreeNewsletter.html --> Pointspreadpros.com /56945/html NBAFreeNewsletter.html
108.03.25 11:24 B C:\CFusionMX7\wwwroot\pspweb\NBA\NBAPaidNewsletter.html --> Pointspreadpros.com /56945/html NBAPaidNewsletter.html
108.03.25 12:44 B C:\CFusionMX7\wwwroot\pspweb\NBA\NBAPaidNewsletter.html --> Pointspreadpros.com /56945/html NBAPaidNewsletter.html
108.03.26 09:00 B C:\CFusionMX7\wwwroot\pspweb\NBA\NBAPicksFree.cfm --> Pointspreadpros.com /56945/html/nba NBAPicksFree.cfm
108.03.26 09:23 B C:\CFusionMX7\wwwroot\pspweb\NBA\NBAPicksFree.cfm --> Pointspreadpros.com /56945/html/nba NBAPicksFree.cfm
108.03.26 11:22 B C:\CFusionMX7\wwwroot\pspweb\NBA\NBAFreeNewsletter.html --> Pointspreadpros.com /56945/html NBAFreeNewsletter.html
108.03.26 11:22 B C:\CFusionMX7\wwwroot\pspweb\NBA\NBAPaidNewsletter.html --> Pointspreadpros.com /56945/html NBAPaidNewsletter.html
108.03.26 11:25 B C:\CFusionMX7\wwwroot\pspweb\NBA\NBAFreeNewsletter.html --> Pointspreadpros.com /56945/html NBAFreeNewsletter.html
108.03.26 11:25 B C:\CFusionMX7\wwwroot\pspweb\NBA\NBAPaidNewsletter.html --> Pointspreadpros.com /56945/html NBAPaidNewsletter.html
108.03.27 14:04 B C:\CFusionMX7\wwwroot\pspweb\NBA\NBAPaidNewsletter.html --> Pointspreadpros.com /56945/html NBAPaidNewsletter.html
108.03.27 14:04 B C:\CFusionMX7\wwwroot\pspweb\NBA\NBAFreeNewsletter.html --> Pointspreadpros.com /56945/html NBAFreeNewsletter.html
108.03.27 14:28 B C:\CFusionMX7\wwwroot\pspweb\NBA\NBASignup.cfm --> Pointspreadpros.com /56945/html/nba NBASignup.cfm
108.03.28 10:54 B C:\CFusionMX7\wwwroot\pspweb\NBA\NBAFreeNewsletter.html --> Pointspreadpros.com /56945/html NBAFreeNewsletter.html
108.03.28 10:54 B C:\CFusionMX7\wwwroot\pspweb\NBA\NBAPaidNewsletter.html --> Pointspreadpros.com /56945/html NBAPaidNewsletter.html
108.03.28 10:57 B C:\CFusionMX7\wwwroot\pspweb\NBA\NBASignup.cfm --> Pointspreadpros.com /56945/html/NBA NBASignup.cfm
108.03.28 10:58 B C:\CFusionMX7\wwwroot\pspweb\NBA\NBASignup.cfm --> Pointspreadpros.com /56945/html/NBA NBASignup.cfm
108.03.28 11:04 B C:\CFusionMX7\wwwroot\pspweb\NBA\NBAFreeNewsletter.html --> Pointspreadpros.com /56945/html/NBA NBAFreeNewsletter.html
108.03.28 11:05 B C:\CFusionMX7\wwwroot\pspweb\NBA\NBAFreeNewsletter.html --> Pointspreadpros.com /56945/html NBAFreeNewsletter.html
108.03.29 08:05 B C:\CFusionMX7\wwwroot\pspweb\NBA\NBAPaidNewsletter.html --> Pointspreadpros.com /56945/html NBAPaidNewsletter.html
108.03.29 08:05 B C:\CFusionMX7\wwwroot\pspweb\NBA\NBAFreeNewsletter.html --> Pointspreadpros.com /56945/html NBAFreeNewsletter.html
108.03.29 08:13 B C:\CFusionMX7\wwwroot\pspweb\NBA\NBAPicksFree.cfm --> Pointspreadpros.com /56945/html/NBA NBAPicksFree.cfm
108.03.29 10:14 B C:\CFusionMX7\wwwroot\pspweb\NBA\NBASignup.cfm --> Pointspreadpros.com /56945/html/nba NBASignup.cfm
108.03.30 12:45 B C:\CFusionMX7\wwwroot\pspweb\NBA\NBASignup.cfm --> Pointspreadpros.com /56945/html/nba NBASignup.cfm
108.03.30 12:45 B C:\CFusionMX7\wwwroot\pspweb\NBA\NBAFreeNewsletter.html --> Pointspreadpros.com /56945/html NBAFreeNewsletter.html
108.03.30 12:45 B C:\CFusionMX7\wwwroot\pspweb\NBA\NBAPaidNewsletter.html --> Pointspreadpros.com /56945/html NBAPaidNewsletter.html
108.03.30 22:32 B C:\CFusionMX7\wwwroot\pspweb\NBA\NBAPicksFree.cfm --> Pointspreadpros.com /56945/html/nba NBAPicksFree.cfm
108.03.31 10:56 B C:\CFusionMX7\wwwroot\pspweb\NBA\NBAPaidNewslettera.html --> Pointspreadpros.com /56945/html NBAPaidNewslettera.html
108.03.31 10:56 B C:\CFusionMX7\wwwroot\pspweb\NBA\NBAFreeNewsletter.html --> Pointspreadpros.com /56945/html NBAFreeNewsletter.html
108.03.31 10:58 B C:\CFusionMX7\wwwroot\pspweb\NBA\NBAPaidNewslettera.html --> Pointspreadpros.com /56945/html NBAPaidNewslettera.html
108.03.31 10:58 B C:\CFusionMX7\wwwroot\pspweb\NBA\NBAFreeNewsletter.html --> Pointspreadpros.com /56945/html NBAFreeNewsletter.html
108.03.31 11:57 B C:\CFusionMX7\wwwroot\pspweb\NBA\NBASignup.cfm --> Pointspreadpros.com /56945/html/nba NBASignup.cfm
108.04.01 09:19 B C:\CFusionMX7\wwwroot\pspweb\NBA\NBAPicksFree.cfm --> Pointspreadpros.com /56945/html/nba NBAPicksFree.cfm
108.04.01 10:49 B C:\CFusionMX7\wwwroot\pspweb\NBA\NBAFreeNewsletter.html --> Pointspreadpros.com /56945/html NBAFreeNewsletter.html
108.04.01 10:49 B C:\CFusionMX7\wwwroot\pspweb\NBA\NBAPaidNewslettera.html --> Pointspreadpros.com /56945/html NBAPaidNewslettera.html
108.04.01 10:54 B C:\CFusionMX7\wwwroot\pspweb\NBA\NBASignup.cfm --> Pointspreadpros.com /56945/html/NBA NBASignup.cfm
108.04.02 09:32 B C:\CFusionMX7\wwwroot\pspweb\NBA\NBAPicksFree.cfm --> Pointspreadpros.com /56945/html/nba NBAPicksFree.cfm
108.04.02 09:34 B C:\CFusionMX7\wwwroot\pspweb\NBA\NBAPicksFree.cfm --> Pointspreadpros.com /56945/html/nba NBAPicksFree.cfm
108.04.02 09:35 B C:\CFusionMX7\wwwroot\pspweb\NBA\NBAPicksFree.cfm --> Pointspreadpros.com /56945/html/nba NBAPicksFree.cfm
108.04.02 09:37 B C:\CFusionMX7\wwwroot\pspweb\NBA\NBAPicksFree.cfm --> Pointspreadpros.com /56945/html/nba NBAPicksFree.cfm
108.04.02 12:49 B C:\CFusionMX7\wwwroot\pspweb\NBA\NBAFreeNewsletter.html --> Pointspreadpros.com /56945/html NBAFreeNewsletter.html
108.04.02 12:49 B C:\CFusionMX7\wwwroot\pspweb\NBA\NBAPaidNewslettera.html --> Pointspreadpros.com /56945/html NBAPaidNewslettera.html
108.04.02 12:49 B C:\CFusionMX7\wwwroot\pspweb\NBA\NBASignup.cfm --> Pointspreadpros.com /56945/html/NBA NBASignup.cfm
108.04.02 12:51 B C:\CFusionMX7\wwwroot\pspweb\NBA\NBAPaidNewslettera.html --> Pointspreadpros.com /56945/html NBAPaidNewslettera.html
108.04.02 12:54 B C:\CFusionMX7\wwwroot\pspweb\NBA\NBAFreeNewsletter.html --> Pointspreadpros.com /56945/html NBAFreeNewsletter.html
108.04.02 12:55 B C:\CFusionMX7\wwwroot\pspweb\NBA\NBASignup.cfm --> Pointspreadpros.com /56945/html/NBA NBASignup.cfm
108.04.03 10:35 B C:\CFusionMX7\wwwroot\pspweb\NBA\NBAPicksFree.cfm --> Pointspreadpros.com /56945/html/nba NBAPicksFree.cfm
108.04.03 12:30 B C:\CFusionMX7\wwwroot\pspweb\NBA\NBAFreeNewsletter.html --> Pointspreadpros.com /56945/html NBAFreeNewsletter.html
108.04.03 12:30 B C:\CFusionMX7\wwwroot\pspweb\NBA\NBAPaidNewslettera.html --> Pointspreadpros.com /56945/html NBAPaidNewslettera.html
108.04.04 11:09 B C:\CFusionMX7\wwwroot\pspweb\NBA\NBAFreeNewsletter.html --> Pointspreadpros.com /56945/html NBAFreeNewsletter.html
108.04.04 11:09 B C:\CFusionMX7\wwwroot\pspweb\NBA\NBAPaidNewslettera.html --> Pointspreadpros.com /56945/html NBAPaidNewslettera.html
108.04.04 11:09 B C:\CFusionMX7\wwwroot\pspweb\NBA\NBAPicksFree.cfm --> Pointspreadpros.com /56945/html/NBA NBAPicksFree.cfm
108.04.04 11:09 B C:\CFusionMX7\wwwroot\pspweb\NBA\NBASignup.cfm --> Pointspreadpros.com /56945/html/NBA NBASignup.cfm
108.04.04 11:15 B C:\CFusionMX7\wwwroot\pspweb\NBA\NBAPicksFree.cfm --> Pointspreadpros.com /56945/html/NBA NBAPicksFree.cfm
108.04.04 22:33 B C:\CFusionMX7\wwwroot\pspweb\NBA\NBAPicksFree.cfm --> Pointspreadpros.com /56945/html/nba NBAPicksFree.cfm
108.04.05 12:02 B C:\CFusionMX7\wwwroot\pspweb\NBA\NBAFreeNewsletter.html --> Pointspreadpros.com /56945/html NBAFreeNewsletter.html
108.04.05 12:02 B C:\CFusionMX7\wwwroot\pspweb\NBA\NBAPaidNewslettera.html --> Pointspreadpros.com /56945/html NBAPaidNewslettera.html
108.04.05 12:04 B C:\CFusionMX7\wwwroot\pspweb\NBA\NBASignup.cfm --> Pointspreadpros.com /56945/html/NBA NBASignup.cfm
108.04.06 12:35 B C:\CFusionMX7\wwwroot\pspweb\NBA\NBAFreeNewsletter.html --> Pointspreadpros.com /56945/html/nba NBAFreeNewsletter.html
108.04.06 12:35 B C:\CFusionMX7\wwwroot\pspweb\NBA\NBAPaidNewslettera.html --> Pointspreadpros.com /56945/html/nba NBAPaidNewslettera.html
108.04.06 12:38 B C:\CFusionMX7\wwwroot\pspweb\NBA\NBAFreeNewsletter.html --> Pointspreadpros.com /56945/html NBAFreeNewsletter.html
108.04.06 12:38 B C:\CFusionMX7\wwwroot\pspweb\NBA\NBAPaidNewslettera.html --> Pointspreadpros.com /56945/html NBAPaidNewslettera.html
108.04.08 13:13 B C:\CFusionMX7\wwwroot\pspweb\NBA\NBAFreeNewsletter.html --> Pointspreadpros.com /56945/html/nba NBAFreeNewsletter.html
108.04.08 13:13 B C:\CFusionMX7\wwwroot\pspweb\NBA\NBAPaidNewslettera.html --> Pointspreadpros.com /56945/html/nba NBAPaidNewslettera.html
108.04.08 13:16 B C:\CFusionMX7\wwwroot\pspweb\NBA\NBASignup.cfm --> Pointspreadpros.com /56945/html/NBA NBASignup.cfm
108.04.08 13:17 B C:\CFusionMX7\wwwroot\pspweb\NBA\NBAFreeNewsletter.html --> Pointspreadpros.com /56945/html NBAFreeNewsletter.html
108.04.08 13:17 B C:\CFusionMX7\wwwroot\pspweb\NBA\NBAPaidNewslettera.html --> Pointspreadpros.com /56945/html NBAPaidNewslettera.html
108.04.08 13:19 B C:\CFusionMX7\wwwroot\pspweb\NBA\NBAFreeNewsletter.html --> Pointspreadpros.com /56945/html NBAFreeNewsletter.html
108.04.08 13:19 B C:\CFusionMX7\wwwroot\pspweb\NBA\NBAPaidNewslettera.html --> Pointspreadpros.com /56945/html NBAPaidNewslettera.html
108.10.26 21:06 B C:\CFusionMX7\wwwroot\pspweb\NBA\NBASignup.cfm --> Pointspreadpros.com /133755/pointspreadproscom/html NBASignup.cfm
